<?xml version="1.0" encoding="UTF-8"?>
<!-- Generated by org.testng.reporters.JUnitXMLReporter -->
<testsuite hostname="DESKTOP-V8TS46C" failures="1" tests="3" name="ExtentReport_Test" time="23.897" errors="0" timestamp="7 Aug 2022 17:17:07 GMT">
  <testcase classname="day39.extentreports.LoginTest" name="testLogo" time="0.173"/>
  <testcase classname="day39.extentreports.LoginTest" name="testLogin" time="9.407">
    <failure type="java.lang.AssertionError" message="expected [false] but found [true]">
      <![CDATA[java.lang.AssertionError: expected [false] but found [true]
	at day39.extentreports.LoginTest.testLogin(LoginTest.java:58)
... Removed 29 stack frames]]>
    </failure>
  </testcase> <!-- testLogin -->
  <testcase classname="day39.extentreports.LoginTest" name="testLogout" time="0.0">
    <skipped/>
  </testcase> <!-- testLogout -->
</testsuite> <!-- ExtentReport_Test -->
