<?xml version="1.0" encoding="UTF-8"?>
<!-- Generated by org.testng.reporters.JUnitXMLReporter -->
<testsuite hostname="DESKTOP-V8TS46C" failures="1" tests="3" name="mytestListener" time="0.077" errors="0" timestamp="7 Aug 2022 11:25:06 GMT">
  <testcase classname="day39.MyTest" name="test1" time="0.023"/>
  <testcase classname="day39.MyTest" name="test2" time="0.003">
    <failure type="java.lang.AssertionError" message="expected [B] but found [A]">
      <![CDATA[java.lang.AssertionError: expected [B] but found [A]
	at day39.MyTest.test2(MyTest.java:20)
... Removed 29 stack frames]]>
    </failure>
  </testcase> <!-- test2 -->
  <testcase classname="day39.MyTest" name="test3" time="0.003">
    <skipped/>
  </testcase> <!-- test3 -->
</testsuite> <!-- mytestListener -->
