<?xml version="1.0" encoding="UTF-8"?>
<!-- Generated by org.testng.reporters.JUnitXMLReporter -->
<testsuite hostname="DESKTOP-V8TS46C" failures="0" tests="4" name="DbConnTests" time="0.064" errors="0" timestamp="3 Aug 2022 08:54:29 GMT">
  <testcase classname="day36.pack.DBTest1" name="insert" time="0.007"/>
  <testcase classname="day36.pack.DBTest1" name="update" time="0.01"/>
  <testcase classname="day36.pack.DBTest2" name="select" time="0.002"/>
  <testcase classname="day36.pack.DBTest2" name="delete" time="0.004"/>
</testsuite> <!-- DbConnTests -->
